<!DOCTYPE html>

<html>
  <head>
  <meta charset='utf-8'>
  <title>TestNG reports</title>

    <link type="text/css" href="testng-reports1.css" rel="stylesheet" id="ultra" />
    <link type="text/css" href="testng-reports.css" rel="stylesheet" id="retro" disabled="false"/>
    <script type="text/javascript" src="jquery.min.js"></script>
    <script type="text/javascript" src="testng-reports.js"></script>
    <script type="text/javascript" src="https://www.google.com/jsapi"></script>
    <script type='text/javascript'>
      google.load('visualization', '1', {packages:['table']});
      google.setOnLoadCallback(drawTable);
      var suiteTableInitFunctions = new Array();
      var suiteTableData = new Array();
    </script>
    <!--
      <script type="text/javascript" src="jquery-ui/js/jquery-ui-1.8.16.custom.min.js"></script>
     -->
  </head>

  <body>
    <div class="top-banner-root">
      <span class="top-banner-title-font">Test results</span>
      <button id="button" class="button">Switch Retro Theme</button> <!-- button -->
      <br/>
      <span class="top-banner-font-1">1 suite</span>
    </div> <!-- top-banner-root -->
    <div class="navigator-root">
      <div class="navigator-suite-header">
        <span>All suites</span>
        <a href="#" title="Collapse/expand all the suites" class="collapse-all-link">
          <img src="collapseall.gif" class="collapse-all-icon">
          </img> <!-- collapse-all-icon -->
        </a> <!-- collapse-all-link -->
      </div> <!-- navigator-suite-header -->
      <div class="suite">
        <div class="rounded-window">
          <div class="suite-header light-rounded-window-top">
            <a href="#" panel-name="suite-_Demo__Cross_Browser_Testing_Using_Selenium" class="navigator-link">
              <span class="suite-name border-skipped">[Demo] Cross Browser Testing Using Selenium</span>
            </a> <!-- navigator-link -->
          </div> <!-- suite-header light-rounded-window-top -->
          <div class="navigator-suite-content">
            <div class="suite-section-title">
              <span>Info</span>
            </div> <!-- suite-section-title -->
            <div class="suite-section-content">
              <ul>
                <li>
                  <a href="#" panel-name="test-xml-_Demo__Cross_Browser_Testing_Using_Selenium" class="navigator-link ">
                    <span>C:\Users\atish\eclipse-workspace\POM\crossbrowser.xml</span>
                  </a> <!-- navigator-link  -->
                </li>
                <li>
                  <a href="#" panel-name="testlist-_Demo__Cross_Browser_Testing_Using_Selenium" class="navigator-link ">
                    <span class="test-stats">4 tests</span>
                  </a> <!-- navigator-link  -->
                </li>
                <li>
                  <a href="#" panel-name="group-_Demo__Cross_Browser_Testing_Using_Selenium" class="navigator-link ">
                    <span>0 groups</span>
                  </a> <!-- navigator-link  -->
                </li>
                <li>
                  <a href="#" panel-name="times-_Demo__Cross_Browser_Testing_Using_Selenium" class="navigator-link ">
                    <span>Times</span>
                  </a> <!-- navigator-link  -->
                </li>
                <li>
                  <a href="#" panel-name="reporter-_Demo__Cross_Browser_Testing_Using_Selenium" class="navigator-link ">
                    <span>Reporter output</span>
                  </a> <!-- navigator-link  -->
                </li>
                <li>
                  <a href="#" panel-name="ignored-methods-_Demo__Cross_Browser_Testing_Using_Selenium" class="navigator-link ">
                    <span>Ignored methods</span>
                  </a> <!-- navigator-link  -->
                </li>
                <li>
                  <a href="#" panel-name="chronological-_Demo__Cross_Browser_Testing_Using_Selenium" class="navigator-link ">
                    <span>Chronological view</span>
                  </a> <!-- navigator-link  -->
                </li>
              </ul>
            </div> <!-- suite-section-content -->
            <div class="result-section">
              <div class="suite-section-title">
                <span>Results</span>
              </div> <!-- suite-section-title -->
              <div class="suite-section-content">
                <ul>
                  <li>
                    <span class="method-stats">3 methods,  3 skipped,  </span>
                  </li>
                  <li>
                    <span class="method-list-title skipped">Skipped methods</span>
                    <span class="show-or-hide-methods skipped">
                      <a href="#" panel-name="suite-_Demo__Cross_Browser_Testing_Using_Selenium" class="hide-methods skipped suite-_Demo__Cross_Browser_Testing_Using_Selenium"> (hide)</a> <!-- hide-methods skipped suite-_Demo__Cross_Browser_Testing_Using_Selenium -->
                      <a href="#" panel-name="suite-_Demo__Cross_Browser_Testing_Using_Selenium" class="show-methods skipped suite-_Demo__Cross_Browser_Testing_Using_Selenium"> (show)</a> <!-- show-methods skipped suite-_Demo__Cross_Browser_Testing_Using_Selenium -->
                    </span>
                    <div class="method-list-content skipped suite-_Demo__Cross_Browser_Testing_Using_Selenium">
                      <span>
                        <img src="skipped.png" width="3%"/>
                        <a href="#" panel-name="suite-_Demo__Cross_Browser_Testing_Using_Selenium" title="Objects.AutomationDemo" class="method navigator-link" hash-for-method="test_element_addition">test_element_addition</a> <!-- method navigator-link -->
                      </span>
                      <br/>
                      <span>
                        <img src="skipped.png" width="3%"/>
                        <a href="#" panel-name="suite-_Demo__Cross_Browser_Testing_Using_Selenium" title="Objects.AutomationDemo" class="method navigator-link" hash-for-method="test_element_addition">test_element_addition</a> <!-- method navigator-link -->
                      </span>
                      <br/>
                      <span>
                        <img src="skipped.png" width="3%"/>
                        <a href="#" panel-name="suite-_Demo__Cross_Browser_Testing_Using_Selenium" title="Objects.AutomationDemo" class="method navigator-link" hash-for-method="test_element_addition">test_element_addition</a> <!-- method navigator-link -->
                      </span>
                      <br/>
                    </div> <!-- method-list-content skipped suite-_Demo__Cross_Browser_Testing_Using_Selenium -->
                  </li>
                </ul>
              </div> <!-- suite-section-content -->
            </div> <!-- result-section -->
          </div> <!-- navigator-suite-content -->
        </div> <!-- rounded-window -->
      </div> <!-- suite -->
    </div> <!-- navigator-root -->
    <div class="wrapper">
      <div class="main-panel-root">
        <div panel-name="suite-_Demo__Cross_Browser_Testing_Using_Selenium" class="panel _Demo__Cross_Browser_Testing_Using_Selenium">
          <div class="suite-_Demo__Cross_Browser_Testing_Using_Selenium-class-skipped">
            <div class="main-panel-header rounded-window-top">
              <img src="skipped.png"/>
              <span class="class-name">Objects.AutomationDemo</span>
            </div> <!-- main-panel-header rounded-window-top -->
            <div class="main-panel-content rounded-window-bottom">
              <div class="method">
                <div class="method-content">
                  <a name="test_element_addition">
                  </a> <!-- test_element_addition -->
                  <span class="method-name">test_element_addition</span>
                  <div class="stack-trace">org.openqa.selenium.SessionNotCreatedException: Could not start a new session. Possible causes are invalid address of the remote server or browser start-up failure.
Build info: version: &apos;4.0.0&apos;, revision: &apos;3a21814679&apos;
System info: host: &apos;DESKTOP-JGIOHBA&apos;, ip: &apos;192.168.43.63&apos;, os.name: &apos;Windows 10&apos;, os.arch: &apos;amd64&apos;, os.version: &apos;10.0&apos;, java.version: &apos;15.0.1&apos;
Driver info: org.openqa.selenium.remote.RemoteWebDriver
Command: [null, newSession {capabilities=[Capabilities {browserName: MicrosoftEdge, platformName: macos catalina}], desiredCapabilities=Capabilities {browserName: MicrosoftEdge, build: [LambdaTest] Demonstration ..., console: true, name: [LambdaTest] Demonstration ..., network: true, platform: MacOS Catalina, resolution: 1024x768, tunnel: false, version: latest, visual: true}}]
Capabilities {}
	at org.openqa.selenium.remote.RemoteWebDriver.execute(RemoteWebDriver.java:577)
	at org.openqa.selenium.remote.RemoteWebDriver.startSession(RemoteWebDriver.java:246)
	at org.openqa.selenium.remote.RemoteWebDriver.&lt;init&gt;(RemoteWebDriver.java:168)
	at org.openqa.selenium.remote.RemoteWebDriver.&lt;init&gt;(RemoteWebDriver.java:146)
	at Objects.AutomationDemo.testSetUp(AutomationDemo.java:42)
	at java.base/java.util.concurrent.FutureTask.run(FutureTask.java:264)
	at java.base/java.util.concurrent.ThreadPoolExecutor.runWorker(ThreadPoolExecutor.java:1130)
	at java.base/java.util.concurrent.ThreadPoolExecutor$Worker.run(ThreadPoolExecutor.java:630)
	at java.base/java.lang.Thread.run(Thread.java:832)
Caused by: java.lang.NumberFormatException: For input string: &quot;SChG03S2Q7vGHVmXIUoXT5gIL37xg92ZqmS4yLHgUkuff112Bp@hub.lambdatest.com&quot;
	at java.base/java.lang.NumberFormatException.forInputString(NumberFormatException.java:68)
	at java.base/java.lang.Integer.parseInt(Integer.java:652)
	at java.base/java.lang.Integer.parseInt(Integer.java:770)
	at org.asynchttpclient.uri.UriParser.computeRegularHostPort(UriParser.java:216)
	at org.asynchttpclient.uri.UriParser.parseAuthority(UriParser.java:299)
	at org.asynchttpclient.uri.UriParser.parse(UriParser.java:358)
	at org.asynchttpclient.uri.Uri.create(Uri.java:67)
	at org.asynchttpclient.uri.Uri.create(Uri.java:62)
	at org.asynchttpclient.RequestBuilderBase.setUrl(RequestBuilderBase.java:147)
	at org.asynchttpclient.Dsl.request(Dsl.java:73)
	at org.openqa.selenium.remote.http.netty.NettyMessages.toNettyRequest(NettyMessages.java:54)
	at org.openqa.selenium.remote.http.netty.NettyHttpHandler.makeCall(NettyHttpHandler.java:58)
	at org.openqa.selenium.remote.http.AddSeleniumUserAgent.lambda$apply$0(AddSeleniumUserAgent.java:42)
	at org.openqa.selenium.remote.http.Filter.lambda$andFinally$1(Filter.java:56)
	at org.openqa.selenium.remote.http.netty.NettyHttpHandler.execute(NettyHttpHandler.java:51)
	at org.openqa.selenium.remote.http.AddSeleniumUserAgent.lambda$apply$0(AddSeleniumUserAgent.java:42)
	at org.openqa.selenium.remote.http.Filter.lambda$andFinally$1(Filter.java:56)
	at org.openqa.selenium.remote.http.netty.NettyClient.execute(NettyClient.java:119)
	at org.openqa.selenium.remote.tracing.TracedHttpClient.execute(TracedHttpClient.java:55)
	at org.openqa.selenium.remote.ProtocolHandshake.createSession(ProtocolHandshake.java:102)
	at org.openqa.selenium.remote.ProtocolHandshake.createSession(ProtocolHandshake.java:84)
	at org.openqa.selenium.remote.ProtocolHandshake.createSession(ProtocolHandshake.java:62)
	at org.openqa.selenium.remote.HttpCommandExecutor.execute(HttpCommandExecutor.java:156)
	at org.openqa.selenium.remote.TracedCommandExecutor.execute(TracedCommandExecutor.java:39)
	at org.openqa.selenium.remote.RemoteWebDriver.execute(RemoteWebDriver.java:559)
	... 23 more
... Removed 15 stack frames
</div> <!-- stack-trace -->
                  <em>
(To Do App on React App)                  </em>
                </div> <!-- method-content -->
              </div> <!-- method -->
              <div class="method">
                <div class="method-content">
                  <a name="test_element_addition">
                  </a> <!-- test_element_addition -->
                  <span class="method-name">test_element_addition</span>
                  <div class="stack-trace">org.openqa.selenium.SessionNotCreatedException: Could not start a new session. Possible causes are invalid address of the remote server or browser start-up failure.
Build info: version: &apos;4.0.0&apos;, revision: &apos;3a21814679&apos;
System info: host: &apos;DESKTOP-JGIOHBA&apos;, ip: &apos;192.168.43.63&apos;, os.name: &apos;Windows 10&apos;, os.arch: &apos;amd64&apos;, os.version: &apos;10.0&apos;, java.version: &apos;15.0.1&apos;
Driver info: org.openqa.selenium.remote.RemoteWebDriver
Command: [null, newSession {capabilities=[Capabilities {browserName: Chrome, platformName: win10}], desiredCapabilities=Capabilities {browserName: Chrome, build: [LambdaTest] Demonstration ..., console: true, name: [LambdaTest] Demonstration ..., network: true, platform: WIN10, resolution: 1024x768, tunnel: false, version: latest, visual: true}}]
Capabilities {}
	at org.openqa.selenium.remote.RemoteWebDriver.execute(RemoteWebDriver.java:577)
	at org.openqa.selenium.remote.RemoteWebDriver.startSession(RemoteWebDriver.java:246)
	at org.openqa.selenium.remote.RemoteWebDriver.&lt;init&gt;(RemoteWebDriver.java:168)
	at org.openqa.selenium.remote.RemoteWebDriver.&lt;init&gt;(RemoteWebDriver.java:146)
	at Objects.AutomationDemo.testSetUp(AutomationDemo.java:42)
	at java.base/java.util.concurrent.FutureTask.run(FutureTask.java:264)
	at java.base/java.util.concurrent.ThreadPoolExecutor.runWorker(ThreadPoolExecutor.java:1130)
	at java.base/java.util.concurrent.ThreadPoolExecutor$Worker.run(ThreadPoolExecutor.java:630)
	at java.base/java.lang.Thread.run(Thread.java:832)
Caused by: java.lang.NumberFormatException: For input string: &quot;SChG03S2Q7vGHVmXIUoXT5gIL37xg92ZqmS4yLHgUkuff112Bp@hub.lambdatest.com&quot;
	at java.base/java.lang.NumberFormatException.forInputString(NumberFormatException.java:68)
	at java.base/java.lang.Integer.parseInt(Integer.java:652)
	at java.base/java.lang.Integer.parseInt(Integer.java:770)
	at org.asynchttpclient.uri.UriParser.computeRegularHostPort(UriParser.java:216)
	at org.asynchttpclient.uri.UriParser.parseAuthority(UriParser.java:299)
	at org.asynchttpclient.uri.UriParser.parse(UriParser.java:358)
	at org.asynchttpclient.uri.Uri.create(Uri.java:67)
	at org.asynchttpclient.uri.Uri.create(Uri.java:62)
	at org.asynchttpclient.RequestBuilderBase.setUrl(RequestBuilderBase.java:147)
	at org.asynchttpclient.Dsl.request(Dsl.java:73)
	at org.openqa.selenium.remote.http.netty.NettyMessages.toNettyRequest(NettyMessages.java:54)
	at org.openqa.selenium.remote.http.netty.NettyHttpHandler.makeCall(NettyHttpHandler.java:58)
	at org.openqa.selenium.remote.http.AddSeleniumUserAgent.lambda$apply$0(AddSeleniumUserAgent.java:42)
	at org.openqa.selenium.remote.http.Filter.lambda$andFinally$1(Filter.java:56)
	at org.openqa.selenium.remote.http.netty.NettyHttpHandler.execute(NettyHttpHandler.java:51)
	at org.openqa.selenium.remote.http.AddSeleniumUserAgent.lambda$apply$0(AddSeleniumUserAgent.java:42)
	at org.openqa.selenium.remote.http.Filter.lambda$andFinally$1(Filter.java:56)
	at org.openqa.selenium.remote.http.netty.NettyClient.execute(NettyClient.java:119)
	at org.openqa.selenium.remote.tracing.TracedHttpClient.execute(TracedHttpClient.java:55)
	at org.openqa.selenium.remote.ProtocolHandshake.createSession(ProtocolHandshake.java:102)
	at org.openqa.selenium.remote.ProtocolHandshake.createSession(ProtocolHandshake.java:84)
	at org.openqa.selenium.remote.ProtocolHandshake.createSession(ProtocolHandshake.java:62)
	at org.openqa.selenium.remote.HttpCommandExecutor.execute(HttpCommandExecutor.java:156)
	at org.openqa.selenium.remote.TracedCommandExecutor.execute(TracedCommandExecutor.java:39)
	at org.openqa.selenium.remote.RemoteWebDriver.execute(RemoteWebDriver.java:559)
	... 23 more
... Removed 15 stack frames
</div> <!-- stack-trace -->
                  <em>
(To Do App on React App)                  </em>
                </div> <!-- method-content -->
              </div> <!-- method -->
              <div class="method">
                <div class="method-content">
                  <a name="test_element_addition">
                  </a> <!-- test_element_addition -->
                  <span class="method-name">test_element_addition</span>
                  <div class="stack-trace">org.openqa.selenium.SessionNotCreatedException: Could not start a new session. Possible causes are invalid address of the remote server or browser start-up failure.
Build info: version: &apos;4.0.0&apos;, revision: &apos;3a21814679&apos;
System info: host: &apos;DESKTOP-JGIOHBA&apos;, ip: &apos;192.168.43.63&apos;, os.name: &apos;Windows 10&apos;, os.arch: &apos;amd64&apos;, os.version: &apos;10.0&apos;, java.version: &apos;15.0.1&apos;
Driver info: org.openqa.selenium.remote.RemoteWebDriver
Command: [null, newSession {capabilities=[Capabilities {browserName: Firefox, platformName: win10}], desiredCapabilities=Capabilities {browserName: Firefox, build: [LambdaTest] Demonstration ..., console: true, name: [LambdaTest] Demonstration ..., network: true, platform: WIN10, resolution: 1024x768, tunnel: false, version: latest, visual: true}}]
Capabilities {}
	at org.openqa.selenium.remote.RemoteWebDriver.execute(RemoteWebDriver.java:577)
	at org.openqa.selenium.remote.RemoteWebDriver.startSession(RemoteWebDriver.java:246)
	at org.openqa.selenium.remote.RemoteWebDriver.&lt;init&gt;(RemoteWebDriver.java:168)
	at org.openqa.selenium.remote.RemoteWebDriver.&lt;init&gt;(RemoteWebDriver.java:146)
	at Objects.AutomationDemo.testSetUp(AutomationDemo.java:42)
	at java.base/java.util.concurrent.FutureTask.run(FutureTask.java:264)
	at java.base/java.util.concurrent.ThreadPoolExecutor.runWorker(ThreadPoolExecutor.java:1130)
	at java.base/java.util.concurrent.ThreadPoolExecutor$Worker.run(ThreadPoolExecutor.java:630)
	at java.base/java.lang.Thread.run(Thread.java:832)
Caused by: java.lang.NumberFormatException: For input string: &quot;SChG03S2Q7vGHVmXIUoXT5gIL37xg92ZqmS4yLHgUkuff112Bp@hub.lambdatest.com&quot;
	at java.base/java.lang.NumberFormatException.forInputString(NumberFormatException.java:68)
	at java.base/java.lang.Integer.parseInt(Integer.java:652)
	at java.base/java.lang.Integer.parseInt(Integer.java:770)
	at org.asynchttpclient.uri.UriParser.computeRegularHostPort(UriParser.java:216)
	at org.asynchttpclient.uri.UriParser.parseAuthority(UriParser.java:299)
	at org.asynchttpclient.uri.UriParser.parse(UriParser.java:358)
	at org.asynchttpclient.uri.Uri.create(Uri.java:67)
	at org.asynchttpclient.uri.Uri.create(Uri.java:62)
	at org.asynchttpclient.RequestBuilderBase.setUrl(RequestBuilderBase.java:147)
	at org.asynchttpclient.Dsl.request(Dsl.java:73)
	at org.openqa.selenium.remote.http.netty.NettyMessages.toNettyRequest(NettyMessages.java:54)
	at org.openqa.selenium.remote.http.netty.NettyHttpHandler.makeCall(NettyHttpHandler.java:58)
	at org.openqa.selenium.remote.http.AddSeleniumUserAgent.lambda$apply$0(AddSeleniumUserAgent.java:42)
	at org.openqa.selenium.remote.http.Filter.lambda$andFinally$1(Filter.java:56)
	at org.openqa.selenium.remote.http.netty.NettyHttpHandler.execute(NettyHttpHandler.java:51)
	at org.openqa.selenium.remote.http.AddSeleniumUserAgent.lambda$apply$0(AddSeleniumUserAgent.java:42)
	at org.openqa.selenium.remote.http.Filter.lambda$andFinally$1(Filter.java:56)
	at org.openqa.selenium.remote.http.netty.NettyClient.execute(NettyClient.java:119)
	at org.openqa.selenium.remote.tracing.TracedHttpClient.execute(TracedHttpClient.java:55)
	at org.openqa.selenium.remote.ProtocolHandshake.createSession(ProtocolHandshake.java:102)
	at org.openqa.selenium.remote.ProtocolHandshake.createSession(ProtocolHandshake.java:84)
	at org.openqa.selenium.remote.ProtocolHandshake.createSession(ProtocolHandshake.java:62)
	at org.openqa.selenium.remote.HttpCommandExecutor.execute(HttpCommandExecutor.java:156)
	at org.openqa.selenium.remote.TracedCommandExecutor.execute(TracedCommandExecutor.java:39)
	at org.openqa.selenium.remote.RemoteWebDriver.execute(RemoteWebDriver.java:559)
	... 23 more
... Removed 15 stack frames
</div> <!-- stack-trace -->
                  <em>
(To Do App on React App)                  </em>
                </div> <!-- method-content -->
              </div> <!-- method -->
            </div> <!-- main-panel-content rounded-window-bottom -->
          </div> <!-- suite-_Demo__Cross_Browser_Testing_Using_Selenium-class-skipped -->
        </div> <!-- panel _Demo__Cross_Browser_Testing_Using_Selenium -->
        <div panel-name="test-xml-_Demo__Cross_Browser_Testing_Using_Selenium" class="panel">
          <div class="main-panel-header rounded-window-top">
            <span class="header-content">C:\Users\atish\eclipse-workspace\POM\crossbrowser.xml</span>
          </div> <!-- main-panel-header rounded-window-top -->
          <div class="main-panel-content rounded-window-bottom">
            <pre>
&lt;?xml version=&quot;1.0&quot; encoding=&quot;UTF-8&quot;?&gt;
&lt;!DOCTYPE suite SYSTEM &quot;https://testng.org/testng-1.0.dtd&quot;&gt;
&lt;suite thread-count=&quot;3&quot; parallel=&quot;tests&quot; name=&quot;[Demo] Cross Browser Testing Using Selenium&quot; guice-stage=&quot;DEVELOPMENT&quot;&gt;
  &lt;test thread-count=&quot;3&quot; parallel=&quot;tests&quot; name=&quot;[Demo] Cross Browser Testing Using Selenium&quot;&gt;
  &lt;/test&gt; &lt;!-- [Demo] Cross Browser Testing Using Selenium --&gt;
  &lt;test thread-count=&quot;3&quot; parallel=&quot;tests&quot; name=&quot;[LambdaTest] Test Scenario - 1&quot;&gt;
    &lt;parameter name=&quot;browser&quot; value=&quot;Chrome&quot;/&gt;
    &lt;parameter name=&quot;version&quot; value=&quot;latest&quot;/&gt;
    &lt;parameter name=&quot;resolution&quot; value=&quot;1024x768&quot;/&gt;
    &lt;parameter name=&quot;platform&quot; value=&quot;Windows 10&quot;/&gt;
    &lt;classes&gt;
      &lt;class name=&quot;Objects.AutomationDemo&quot;/&gt;
    &lt;/classes&gt;
  &lt;/test&gt; &lt;!-- [LambdaTest] Test Scenario - 1 --&gt;
  &lt;test thread-count=&quot;3&quot; parallel=&quot;tests&quot; name=&quot;[LambdaTest] Test Scenario - 2&quot;&gt;
    &lt;parameter name=&quot;browser&quot; value=&quot;Firefox&quot;/&gt;
    &lt;parameter name=&quot;version&quot; value=&quot;latest&quot;/&gt;
    &lt;parameter name=&quot;resolution&quot; value=&quot;1024x768&quot;/&gt;
    &lt;parameter name=&quot;platform&quot; value=&quot;Windows 10&quot;/&gt;
    &lt;classes&gt;
      &lt;class name=&quot;Objects.AutomationDemo&quot;/&gt;
    &lt;/classes&gt;
  &lt;/test&gt; &lt;!-- [LambdaTest] Test Scenario - 2 --&gt;
  &lt;test thread-count=&quot;3&quot; parallel=&quot;tests&quot; name=&quot;[LambdaTest] Test Scenario - 3&quot;&gt;
    &lt;parameter name=&quot;browser&quot; value=&quot;MicrosoftEdge&quot;/&gt;
    &lt;parameter name=&quot;version&quot; value=&quot;latest&quot;/&gt;
    &lt;parameter name=&quot;resolution&quot; value=&quot;1024x768&quot;/&gt;
    &lt;parameter name=&quot;platform&quot; value=&quot;MacOS Catalina&quot;/&gt;
    &lt;classes&gt;
      &lt;class name=&quot;Objects.AutomationDemo&quot;/&gt;
    &lt;/classes&gt;
  &lt;/test&gt; &lt;!-- [LambdaTest] Test Scenario - 3 --&gt;
&lt;/suite&gt; &lt;!-- [Demo] Cross Browser Testing Using Selenium --&gt;
            </pre>
          </div> <!-- main-panel-content rounded-window-bottom -->
        </div> <!-- panel -->
        <div panel-name="testlist-_Demo__Cross_Browser_Testing_Using_Selenium" class="panel">
          <div class="main-panel-header rounded-window-top">
            <span class="header-content">Tests for [Demo] Cross Browser Testing Using Selenium</span>
          </div> <!-- main-panel-header rounded-window-top -->
          <div class="main-panel-content rounded-window-bottom">
            <ul>
              <li>
                <span class="test-name">[Demo] Cross Browser Testing Using Selenium (0 classes)</span>
              </li>
              <li>
                <span class="test-name">[LambdaTest] Test Scenario - 1 (1 class)</span>
              </li>
              <li>
                <span class="test-name">[LambdaTest] Test Scenario - 2 (1 class)</span>
              </li>
              <li>
                <span class="test-name">[LambdaTest] Test Scenario - 3 (1 class)</span>
              </li>
            </ul>
          </div> <!-- main-panel-content rounded-window-bottom -->
        </div> <!-- panel -->
        <div panel-name="group-_Demo__Cross_Browser_Testing_Using_Selenium" class="panel">
          <div class="main-panel-header rounded-window-top">
            <span class="header-content">Groups for [Demo] Cross Browser Testing Using Selenium</span>
          </div> <!-- main-panel-header rounded-window-top -->
          <div class="main-panel-content rounded-window-bottom">
          </div> <!-- main-panel-content rounded-window-bottom -->
        </div> <!-- panel -->
        <div panel-name="times-_Demo__Cross_Browser_Testing_Using_Selenium" class="panel">
          <div class="main-panel-header rounded-window-top">
            <span class="header-content">Times for [Demo] Cross Browser Testing Using Selenium</span>
          </div> <!-- main-panel-header rounded-window-top -->
          <div class="main-panel-content rounded-window-bottom">
            <div class="times-div">
              <script type="text/javascript">
suiteTableInitFunctions.push('tableData__Demo__Cross_Browser_Testing_Using_Selenium');
function tableData__Demo__Cross_Browser_Testing_Using_Selenium() {
var data = new google.visualization.DataTable();
data.addColumn('number', 'Number');
data.addColumn('string', 'Method');
data.addColumn('string', 'Class');
data.addColumn('number', 'Time (ms)');
data.addRows(3);
data.setCell(0, 0, 0)
data.setCell(0, 1, 'test_element_addition')
data.setCell(0, 2, 'Objects.AutomationDemo')
data.setCell(0, 3, 0);
data.setCell(1, 0, 1)
data.setCell(1, 1, 'test_element_addition')
data.setCell(1, 2, 'Objects.AutomationDemo')
data.setCell(1, 3, 0);
data.setCell(2, 0, 2)
data.setCell(2, 1, 'test_element_addition')
data.setCell(2, 2, 'Objects.AutomationDemo')
data.setCell(2, 3, 0);
window.suiteTableData['_Demo__Cross_Browser_Testing_Using_Selenium']= { tableData: data, tableDiv: 'times-div-_Demo__Cross_Browser_Testing_Using_Selenium'}
return data;
}
              </script>
              <span class="suite-total-time">Total running time: 5 seconds</span>
              <div id="times-div-_Demo__Cross_Browser_Testing_Using_Selenium">
              </div> <!-- times-div-_Demo__Cross_Browser_Testing_Using_Selenium -->
            </div> <!-- times-div -->
          </div> <!-- main-panel-content rounded-window-bottom -->
        </div> <!-- panel -->
        <div panel-name="reporter-_Demo__Cross_Browser_Testing_Using_Selenium" class="panel">
          <div class="main-panel-header rounded-window-top">
            <span class="header-content">Reporter output for [Demo] Cross Browser Testing Using Selenium</span>
          </div> <!-- main-panel-header rounded-window-top -->
          <div class="main-panel-content rounded-window-bottom">
          </div> <!-- main-panel-content rounded-window-bottom -->
        </div> <!-- panel -->
        <div panel-name="ignored-methods-_Demo__Cross_Browser_Testing_Using_Selenium" class="panel">
          <div class="main-panel-header rounded-window-top">
            <span class="header-content">0 ignored methods</span>
          </div> <!-- main-panel-header rounded-window-top -->
          <div class="main-panel-content rounded-window-bottom">
          </div> <!-- main-panel-content rounded-window-bottom -->
        </div> <!-- panel -->
        <div panel-name="chronological-_Demo__Cross_Browser_Testing_Using_Selenium" class="panel">
          <div class="main-panel-header rounded-window-top">
            <span class="header-content">Methods in chronological order</span>
          </div> <!-- main-panel-header rounded-window-top -->
          <div class="main-panel-content rounded-window-bottom">
            <div class="chronological-class">
              <div class="chronological-class-name">Objects.AutomationDemo</div> <!-- chronological-class-name -->
              <div class="configuration-test before">
                <img src="failed.png">
                </img>
                <span class="method-name">testSetUp(Chrome, latest, Windows 10, 1024x768)</span>
                <span class="method-start">0 ms</span>
              </div> <!-- configuration-test before -->
              <div class="configuration-test before">
                <img src="failed.png">
                </img>
                <span class="method-name">testSetUp(Firefox, latest, Windows 10, 1024x768)</span>
                <span class="method-start">0 ms</span>
              </div> <!-- configuration-test before -->
              <div class="configuration-test before">
                <img src="failed.png">
                </img>
                <span class="method-name">testSetUp(MicrosoftEdge, latest, MacOS Catalina, 1024x768)</span>
                <span class="method-start">195 ms</span>
              </div> <!-- configuration-test before -->
              <div class="test-method">
                <span class="method-name">test_element_addition</span>
                <span class="method-start">5142 ms</span>
              </div> <!-- test-method -->
              <div class="test-method">
                <span class="method-name">test_element_addition</span>
                <span class="method-start">5164 ms</span>
              </div> <!-- test-method -->
              <div class="configuration-test after">
                <span class="method-name">tearDown</span>
                <span class="method-start">5253 ms</span>
              </div> <!-- configuration-test after -->
              <div class="test-method">
                <span class="method-name">test_element_addition</span>
                <span class="method-start">5337 ms</span>
              </div> <!-- test-method -->
              <div class="configuration-test after">
                <span class="method-name">tearDown</span>
                <span class="method-start">5347 ms</span>
              </div> <!-- configuration-test after -->
              <div class="configuration-test after">
                <span class="method-name">tearDown</span>
                <span class="method-start">5382 ms</span>
              </div> <!-- configuration-test after -->
          </div> <!-- main-panel-content rounded-window-bottom -->
        </div> <!-- panel -->
      </div> <!-- main-panel-root -->
    </div> <!-- wrapper -->
  </body>
<script type="text/javascript" src="testng-reports2.js"></script>
</html>
